<?xml version="1.0" encoding="UTF-8"?>
<!-- Generated by org.testng.reporters.JUnitReportReporter -->
<testsuite hostname="DESKTOP-EE9BIUF" failures="0" tests="1" name="login" time="72.659" errors="0" timestamp="18 Oct 2023 09:51:00 GMT" skipped="0">
  <testcase classname="login" name="login" time="72.659"/>
</testsuite> <!-- login -->
