<?xml version="1.0" encoding="UTF-8"?>
<!-- Generated by org.testng.reporters.JUnitReportReporter -->
<testsuite hostname="DESKTOP-EE9BIUF" failures="0" tests="1" name="login" time="61.006" errors="0" timestamp="18 Oct 2023 03:12:35 GMT" skipped="0">
  <testcase classname="login" name="login" time="61.006"/>
</testsuite> <!-- login -->
