<?xml version="1.0" encoding="UTF-8"?>
<!-- Generated by org.testng.reporters.JUnitReportReporter -->
<testsuite hostname="DESKTOP-EE9BIUF" failures="0" tests="1" name="Merchant" time="84.691" errors="0" timestamp="02 Nov 2023 04:01:57 GMT" skipped="0">
  <testcase classname="Merchant" name="main" time="84.691"/>
</testsuite> <!-- Merchant -->
