<?xml version="1.0" encoding="UTF-8"?>
<!-- Generated by org.testng.reporters.JUnitReportReporter -->
<testsuite hostname="DESKTOP-EE9BIUF" failures="0" tests="1" name="loginagain" time="52.449" errors="0" timestamp="18 Oct 2023 03:32:14 GMT" skipped="0">
  <testcase classname="loginagain" name="loginagain" time="52.449"/>
</testsuite> <!-- loginagain -->
